[2020-12-17 23:11:14][DEBUG][INFO] : [asdf]
[2020-12-17 23:22:03][DEBUG][INFO] : [2020-12-17 23:22:03 删除或取消比赛完成]
[2020-12-17 23:22:11][DEBUG][INFO] : [视频直播源更新完毕]
[2020-12-17 23:23:02][DEBUG][INFO] : [视频直播源更新完毕]
[2020-12-17 23:23:03][DEBUG][INFO] : [2020-12-17 23:23:03 删除或取消比赛完成]
[2020-12-17 23:24:02][DEBUG][INFO] : [视频直播源更新完毕]
[2020-12-17 23:24:03][DEBUG][INFO] : [2020-12-17 23:24:03 删除或取消比赛完成]
[2020-12-17 23:25:02][DEBUG][INFO] : [2020-12-17 23:25:02 删除或取消比赛完成]
[2020-12-17 23:25:05][DEBUG][INFO] : [视频直播源更新完毕]
[2020-12-17 23:26:02][DEBUG][INFO] : [2020-12-17 23:26:02 删除或取消比赛完成]
[2020-12-17 23:26:08][DEBUG][INFO] : [视频直播源更新完毕]
[2020-12-17 23:27:02][DEBUG][INFO] : [2020-12-17 23:27:02 删除或取消比赛完成]
[2020-12-17 23:27:11][DEBUG][INFO] : [视频直播源更新完毕]
[2020-12-17 23:28:02][DEBUG][INFO] : [2020-12-17 23:28:02 删除或取消比赛完成]
[2020-12-17 23:28:09][DEBUG][INFO] : [视频直播源更新完毕]
[2020-12-17 23:29:02][DEBUG][INFO] : [2020-12-17 23:29:02 删除或取消比赛完成]
[2020-12-17 23:29:12][DEBUG][INFO] : [视频直播源更新完毕]
[2020-12-17 23:30:02][DEBUG][INFO] : [2020-12-17 23:30:02 删除或取消比赛完成]
[2020-12-17 23:30:02][DEBUG][INFO] : [insert_match_id-1-3487837]
[2020-12-17 23:30:02][DEBUG][INFO] : [insert_match_id-1-3487836]
[2020-12-17 23:30:02][DEBUG][INFO] : [insert_match_id-1-3487842]
[2020-12-17 23:30:02][DEBUG][INFO] : [insert_match_id-1-3487844]
[2020-12-17 23:30:02][DEBUG][INFO] : [insert_match_id-1-3487838]
[2020-12-17 23:30:03][DEBUG][INFO] : [2020-17-17 23:30:03 当天比赛更新完成]
[2020-12-17 23:30:05][DEBUG][INFO] : [insert_match_id-1-3487830]
[2020-12-17 23:30:05][DEBUG][INFO] : [insert_match_id-1-3487833]
[2020-12-17 23:30:05][DEBUG][INFO] : [insert_match_id-1-3487835]
[2020-12-17 23:30:05][DEBUG][INFO] : [insert_match_id-1-3487840]
[2020-12-17 23:30:05][DEBUG][INFO] : [insert_match_id-1-3487841]
[2020-12-17 23:30:05][DEBUG][INFO] : [insert_match_id-1-3487834]
[2020-12-17 23:30:05][DEBUG][INFO] : [insert_match_id-1-3487829]
[2020-12-17 23:30:05][DEBUG][INFO] : [insert_match_id-1-3487832]
[2020-12-17 23:30:05][DEBUG][INFO] : [insert_match_id-1-3487828]
[2020-12-17 23:30:05][DEBUG][INFO] : [insert_match_id-1-3487843]
[2020-12-17 23:30:05][DEBUG][INFO] : [insert_match_id-1-3487827]
[2020-12-17 23:30:05][DEBUG][INFO] : [insert_match_id-1-3487839]
[2020-12-17 23:30:06][DEBUG][INFO] : [视频直播源更新完毕]
[2020-12-17 23:30:06][DEBUG][INFO] : [insert_match_id-1-3487831]
[2020-12-17 23:30:15][DEBUG][INFO] : [2020-17-17 23:30:15 未来一周比赛更新完成]
[2020-12-17 23:31:02][DEBUG][INFO] : [2020-12-17 23:31:02 删除或取消比赛完成]
[2020-12-17 23:31:10][DEBUG][INFO] : [视频直播源更新完毕]
[2020-12-17 23:32:02][DEBUG][INFO] : [2020-12-17 23:32:02 删除或取消比赛完成]
[2020-12-17 23:32:09][DEBUG][INFO] : [视频直播源更新完毕]
[2020-12-17 23:33:02][DEBUG][INFO] : [2020-12-17 23:33:02 删除或取消比赛完成]
[2020-12-17 23:33:02][DEBUG][INFO] : [视频直播源更新完毕]
[2020-12-17 23:34:02][DEBUG][INFO] : [2020-12-17 23:34:02 删除或取消比赛完成]
[2020-12-17 23:34:09][DEBUG][INFO] : [视频直播源更新完毕]
[2020-12-17 23:35:02][DEBUG][INFO] : [视频直播源更新完毕]
[2020-12-17 23:35:02][DEBUG][INFO] : [2020-12-17 23:35:02 删除或取消比赛完成]
[2020-12-17 23:36:03][DEBUG][INFO] : [2020-12-17 23:36:03 删除或取消比赛完成]
[2020-12-17 23:36:11][DEBUG][INFO] : [视频直播源更新完毕]
[2020-12-17 23:37:02][DEBUG][INFO] : [2020-12-17 23:37:02 删除或取消比赛完成]
[2020-12-17 23:37:03][DEBUG][INFO] : [视频直播源更新完毕]
[2020-12-17 23:38:02][DEBUG][INFO] : [视频直播源更新完毕]
[2020-12-17 23:38:02][DEBUG][INFO] : [2020-12-17 23:38:02 删除或取消比赛完成]
[2020-12-17 23:39:02][DEBUG][INFO] : [2020-12-17 23:39:02 删除或取消比赛完成]
[2020-12-17 23:39:09][DEBUG][INFO] : [视频直播源更新完毕]
[2020-12-17 23:40:02][DEBUG][INFO] : [视频直播源更新完毕]
[2020-12-17 23:40:02][DEBUG][INFO] : [2020-12-17 23:40:02 删除或取消比赛完成]
[2020-12-17 23:40:04][DEBUG][INFO] : [2020-17-17 23:40:04 当天比赛更新完成]
[2020-12-17 23:41:02][DEBUG][INFO] : [视频直播源更新完毕]
[2020-12-17 23:41:02][DEBUG][INFO] : [2020-12-17 23:41:02 删除或取消比赛完成]
[2020-12-17 23:42:02][DEBUG][INFO] : [2020-12-17 23:42:02 删除或取消比赛完成]
[2020-12-17 23:42:10][DEBUG][INFO] : [视频直播源更新完毕]
[2020-12-17 23:43:02][DEBUG][INFO] : [2020-12-17 23:43:02 删除或取消比赛完成]
[2020-12-17 23:43:02][DEBUG][INFO] : [视频直播源更新完毕]
[2020-12-17 23:43:04][DEBUG][INFO] : [lost-connection-43]
[2020-12-17 23:44:02][DEBUG][INFO] : [2020-12-17 23:44:02 删除或取消比赛完成]
[2020-12-17 23:44:10][DEBUG][INFO] : [视频直播源更新完毕]
[2020-12-17 23:44:29][DEBUG][INFO] : [asdf]
[2020-12-17 23:45:02][DEBUG][INFO] : [asdf]
[2020-12-17 23:45:02][DEBUG][INFO] : [2020-12-17 23:45:02 删除或取消比赛完成]
[2020-12-17 23:45:02][DEBUG][INFO] : [视频直播源更新完毕]
[2020-12-17 23:46:02][DEBUG][INFO] : [2020-12-17 23:46:02 删除或取消比赛完成]
[2020-12-17 23:46:09][DEBUG][INFO] : [视频直播源更新完毕]
[2020-12-17 23:46:14][DEBUG][INFO] : [111]
[2020-12-17 23:46:14][DEBUG][INFO] : [222444]
[2020-12-17 23:46:14][DEBUG][INFO] : [aaa]
[2020-12-17 23:46:14][DEBUG][INFO] : [bbb]
[2020-12-17 23:47:00][DEBUG][INFO] : [asdf]
[2020-12-17 23:47:02][DEBUG][INFO] : [2020-12-17 23:47:02 删除或取消比赛完成]
[2020-12-17 23:47:02][DEBUG][INFO] : [视频直播源更新完毕]
[2020-12-17 23:48:00][DEBUG][INFO] : [111]
[2020-12-17 23:48:00][DEBUG][INFO] : [222444]
[2020-12-17 23:48:00][DEBUG][INFO] : [aaa]
[2020-12-17 23:48:00][DEBUG][INFO] : [bbb]
[2020-12-17 23:48:02][DEBUG][INFO] : [2020-12-17 23:48:02 删除或取消比赛完成]
[2020-12-17 23:48:09][DEBUG][INFO] : [视频直播源更新完毕]
[2020-12-17 23:48:57][DEBUG][INFO] : [lost-connection-174]
[2020-12-17 23:48:57][DEBUG][INFO] : [push succ60]
[2020-12-17 23:48:57][DEBUG][INFO] : [lost-connection-175]
[2020-12-17 23:49:03][DEBUG][INFO] : [2020-12-17 23:49:03 删除或取消比赛完成]
[2020-12-17 23:49:04][DEBUG][INFO] : [视频直播源更新完毕]
[2020-12-17 23:49:35][DEBUG][INFO] : [lost-connection-179]
[2020-12-17 23:50:02][DEBUG][INFO] : [2020-12-17 23:50:02 删除或取消比赛完成]
[2020-12-17 23:50:03][DEBUG][INFO] : [2020-17-17 23:50:03 当天比赛更新完成]
[2020-12-17 23:50:09][DEBUG][INFO] : [视频直播源更新完毕]
[2020-12-17 23:51:02][DEBUG][INFO] : [视频直播源更新完毕]
[2020-12-17 23:51:02][DEBUG][INFO] : [2020-12-17 23:51:02 删除或取消比赛完成]
[2020-12-17 23:52:02][DEBUG][INFO] : [2020-12-17 23:52:02 删除或取消比赛完成]
[2020-12-17 23:52:07][DEBUG][INFO] : [视频直播源更新完毕]
[2020-12-17 23:52:40][DEBUG][INFO] : [push succ1]
[2020-12-17 23:52:40][DEBUG][INFO] : [lost-connection-36]
[2020-12-17 23:53:01][DEBUG][INFO] : [2020-12-17 23:53:01 删除或取消比赛完成]
[2020-12-17 23:53:01][DEBUG][INFO] : [视频直播源更新完毕]
[2020-12-17 23:53:16][DEBUG][INFO] : [push succ1]
[2020-12-17 23:53:16][DEBUG][INFO] : [lost-connection-40]
[2020-12-17 23:53:53][DEBUG][INFO] : [lost-connection-41]
[2020-12-17 23:54:02][DEBUG][INFO] : [2020-12-17 23:54:02 删除或取消比赛完成]
[2020-12-17 23:54:09][DEBUG][INFO] : [视频直播源更新完毕]
[2020-12-17 23:55:01][DEBUG][INFO] : [2020-12-17 23:55:01 删除或取消比赛完成]
[2020-12-17 23:55:02][DEBUG][INFO] : [视频直播源更新完毕]
[2020-12-17 23:55:08][DEBUG][INFO] : [lost-connection-57]
[2020-12-17 23:55:54][DEBUG][INFO] : [lost-connection-59]
[2020-12-17 23:56:03][DEBUG][INFO] : [2020-12-17 23:56:03 删除或取消比赛完成]
[2020-12-17 23:56:09][DEBUG][INFO] : [视频直播源更新完毕]
[2020-12-17 23:56:30][DEBUG][INFO] : [lost-connection-65]
[2020-12-17 23:57:02][DEBUG][INFO] : [2020-12-17 23:57:02 删除或取消比赛完成]
[2020-12-17 23:57:02][DEBUG][INFO] : [视频直播源更新完毕]
[2020-12-17 23:58:02][DEBUG][INFO] : [2020-12-17 23:58:02 删除或取消比赛完成]
[2020-12-17 23:58:10][DEBUG][INFO] : [视频直播源更新完毕]
[2020-12-17 23:59:02][DEBUG][INFO] : [视频直播源更新完毕]
[2020-12-17 23:59:02][DEBUG][INFO] : [2020-12-17 23:59:02 删除或取消比赛完成]
[2020-12-17 23:59:12][DEBUG][INFO] : [lost-connection-79]
[2020-12-17 23:59:50][DEBUG][INFO] : [lost-connection-80]
